{"numTotalTestSuites":228,"numPassedTestSuites":228,"numFailedTestSuites":0,"numPendingTestSuites":0,"numTotalTests":400,"numPassedTests":400,"numFailedTests":0,"numPendingTests":0,"numTodoTests":0,"snapshot":{"added":0,"failure":false,"filesAdded":0,"filesRemoved":0,"filesRemovedList":[],"filesUnmatched":0,"filesUpdated":0,"matched":0,"total":0,"unchecked":0,"uncheckedKeysByFile":[],"unmatched":0,"updated":0,"didUpdate":false},"startTime":1750800470760,"success":true,"testResults":[{"assertionResults":[{"ancestorTitles":["App Path Tools - Migration Status"],"fullName":"App Path Tools - Migration Status should confirm iOS Device app path tools are migrated","status":"passed","title":"should confirm iOS Device app path tools are migrated","duration":0.8842090000000553,"failureMessages":[],"meta":{}},{"ancestorTitles":["App Path Tools - Migration Status"],"fullName":"App Path Tools - Migration Status should track remaining app path tools for other platforms","status":"passed","title":"should track remaining app path tools for other platforms","duration":0.22991699999988668,"failureMessages":[],"meta":{}}],"startTime":1750800472246,"endTime":1750800472247.23,"status":"passed","message":"","name":"/Volumes/Developer/XcodeBuildMCP-main/src/tools/app_path.test.ts"},{"assertionResults":[{"ancestorTitles":["AXe UI Testing Tools","describe_ui tool"],"fullName":"AXe UI Testing Tools describe_ui tool should reject missing simulatorUuid","status":"passed","title":"should reject missing simulatorUuid","duration":1.812582999999961,"failureMessages":[],"meta":{}},{"ancestorTitles":["AXe UI Testing Tools","describe_ui tool"],"fullName":"AXe UI Testing Tools describe_ui tool should accept invalid UUID format (production behavior)","status":"passed","title":"should accept invalid UUID format (production behavior)","duration":0.6230830000000083,"failureMessages":[],"meta":{}},{"ancestorTitles":["AXe UI Testing Tools","describe_ui tool"],"fullName":"AXe UI Testing Tools describe_ui tool should return UI hierarchy successfully","status":"passed","title":"should return UI hierarchy successfully","duration":0.2514580000000137,"failureMessages":[],"meta":{}},{"ancestorTitles":["AXe UI Testing Tools","describe_ui tool"],"fullName":"AXe UI Testing Tools describe_ui tool should handle axe execution error","status":"passed","title":"should handle axe execution error","duration":0.2720000000000482,"failureMessages":[],"meta":{}},{"ancestorTitles":["AXe UI Testing Tools","tap tool"],"fullName":"AXe UI Testing Tools tap tool should reject missing coordinates","status":"passed","title":"should reject missing coordinates","duration":0.26724999999999,"failureMessages":[],"meta":{}},{"ancestorTitles":["AXe UI Testing Tools","tap tool"],"fullName":"AXe UI Testing Tools tap tool should execute tap command successfully","status":"passed","title":"should execute tap command successfully","duration":0.2634580000000142,"failureMessages":[],"meta":{}},{"ancestorTitles":["AXe UI Testing Tools","tap tool"],"fullName":"AXe UI Testing Tools tap tool should handle optional delay parameters","status":"passed","title":"should handle optional delay parameters","duration":0.237041999999974,"failureMessages":[],"meta":{}},{"ancestorTitles":["AXe UI Testing Tools","tap tool"],"fullName":"AXe UI Testing Tools tap tool should accept negative delay parameter (production behavior)","status":"passed","title":"should accept negative delay parameter (production behavior)","duration":0.2142910000000029,"failureMessages":[],"meta":{}},{"ancestorTitles":["AXe UI Testing Tools","long_press tool"],"fullName":"AXe UI Testing Tools long_press tool should require duration parameter","status":"passed","title":"should require duration parameter","duration":0.23924999999997,"failureMessages":[],"meta":{}},{"ancestorTitles":["AXe UI Testing Tools","long_press tool"],"fullName":"AXe UI Testing Tools long_press tool should execute long press successfully","status":"passed","title":"should execute long press successfully","duration":0.1999590000000353,"failureMessages":[],"meta":{}},{"ancestorTitles":["AXe UI Testing Tools","long_press tool"],"fullName":"AXe UI Testing Tools long_press tool should accept negative duration (production behavior)","status":"passed","title":"should accept negative duration (production behavior)","duration":0.17937499999999318,"failureMessages":[],"meta":{}},{"ancestorTitles":["AXe UI Testing Tools","swipe tool"],"fullName":"AXe UI Testing Tools swipe tool should require start and end coordinates","status":"passed","title":"should require start and end coordinates","duration":0.2309579999999869,"failureMessages":[],"meta":{}},{"ancestorTitles":["AXe UI Testing Tools","swipe tool"],"fullName":"AXe UI Testing Tools swipe tool should execute swipe successfully","status":"passed","title":"should execute swipe successfully","duration":0.18558300000000827,"failureMessages":[],"meta":{}},{"ancestorTitles":["AXe UI Testing Tools","swipe tool"],"fullName":"AXe UI Testing Tools swipe tool should handle optional parameters","status":"passed","title":"should handle optional parameters","duration":0.7349169999999958,"failureMessages":[],"meta":{}},{"ancestorTitles":["AXe UI Testing Tools","type_text tool"],"fullName":"AXe UI Testing Tools type_text tool should require text parameter","status":"passed","title":"should require text parameter","duration":0.20724999999998772,"failureMessages":[],"meta":{}},{"ancestorTitles":["AXe UI Testing Tools","type_text tool"],"fullName":"AXe UI Testing Tools type_text tool should execute text typing successfully","status":"passed","title":"should execute text typing successfully","duration":0.16691600000001472,"failureMessages":[],"meta":{}},{"ancestorTitles":["AXe UI Testing Tools","type_text tool"],"fullName":"AXe UI Testing Tools type_text tool should accept empty text (production behavior)","status":"passed","title":"should accept empty text (production behavior)","duration":0.14604200000002265,"failureMessages":[],"meta":{}},{"ancestorTitles":["AXe UI Testing Tools","key_press tool"],"fullName":"AXe UI Testing Tools key_press tool should require keyCode parameter","status":"passed","title":"should require keyCode parameter","duration":0.182707999999991,"failureMessages":[],"meta":{}},{"ancestorTitles":["AXe UI Testing Tools","key_press tool"],"fullName":"AXe UI Testing Tools key_press tool should execute key press successfully","status":"passed","title":"should execute key press successfully","duration":0.17025000000001,"failureMessages":[],"meta":{}},{"ancestorTitles":["AXe UI Testing Tools","key_press tool"],"fullName":"AXe UI Testing Tools key_press tool should accept out of range keyCode (production behavior)","status":"passed","title":"should accept out of range keyCode (production behavior)","duration":0.15683400000000347,"failureMessages":[],"meta":{}},{"ancestorTitles":["AXe UI Testing Tools","button tool"],"fullName":"AXe UI Testing Tools button tool should require buttonType parameter","status":"passed","title":"should require buttonType parameter","duration":0.1913340000000403,"failureMessages":[],"meta":{}},{"ancestorTitles":["AXe UI Testing Tools","button tool"],"fullName":"AXe UI Testing Tools button tool should execute button press successfully","status":"passed","title":"should execute button press successfully","duration":0.1561659999999847,"failureMessages":[],"meta":{}},{"ancestorTitles":["AXe UI Testing Tools","button tool"],"fullName":"AXe UI Testing Tools button tool should accept invalid buttonType enum (production behavior)","status":"passed","title":"should accept invalid buttonType enum (production behavior)","duration":0.1704159999999888,"failureMessages":[],"meta":{}},{"ancestorTitles":["AXe UI Testing Tools","key_sequence tool"],"fullName":"AXe UI Testing Tools key_sequence tool should require keyCodes parameter","status":"passed","title":"should require keyCodes parameter","duration":0.20237500000001774,"failureMessages":[],"meta":{}},{"ancestorTitles":["AXe UI Testing Tools","key_sequence tool"],"fullName":"AXe UI Testing Tools key_sequence tool should execute key sequence successfully","status":"passed","title":"should execute key sequence successfully","duration":0.14908300000001873,"failureMessages":[],"meta":{}},{"ancestorTitles":["AXe UI Testing Tools","key_sequence tool"],"fullName":"AXe UI Testing Tools key_sequence tool should handle optional delay parameter","status":"passed","title":"should handle optional delay parameter","duration":0.15604199999995672,"failureMessages":[],"meta":{}},{"ancestorTitles":["AXe UI Testing Tools","touch tool"],"fullName":"AXe UI Testing Tools touch tool should require coordinates","status":"passed","title":"should require coordinates","duration":0.21987500000000182,"failureMessages":[],"meta":{}},{"ancestorTitles":["AXe UI Testing Tools","touch tool"],"fullName":"AXe UI Testing Tools touch tool should execute touch down successfully","status":"passed","title":"should execute touch down successfully","duration":0.17449999999996635,"failureMessages":[],"meta":{}},{"ancestorTitles":["AXe UI Testing Tools","touch tool"],"fullName":"AXe UI Testing Tools touch tool should execute touch up successfully","status":"passed","title":"should execute touch up successfully","duration":0.18058300000001282,"failureMessages":[],"meta":{}},{"ancestorTitles":["AXe UI Testing Tools","touch tool"],"fullName":"AXe UI Testing Tools touch tool should execute touch down+up successfully","status":"passed","title":"should execute touch down+up successfully","duration":0.1763339999999971,"failureMessages":[],"meta":{}},{"ancestorTitles":["AXe UI Testing Tools","touch tool"],"fullName":"AXe UI Testing Tools touch tool should require at least one of down or up","status":"passed","title":"should require at least one of down or up","duration":0.1626250000000482,"failureMessages":[],"meta":{}},{"ancestorTitles":["AXe UI Testing Tools","gesture tool"],"fullName":"AXe UI Testing Tools gesture tool should require preset parameter","status":"passed","title":"should require preset parameter","duration":0.22091699999998582,"failureMessages":[],"meta":{}},{"ancestorTitles":["AXe UI Testing Tools","gesture tool"],"fullName":"AXe UI Testing Tools gesture tool should execute gesture successfully","status":"passed","title":"should execute gesture successfully","duration":0.15766700000000355,"failureMessages":[],"meta":{}},{"ancestorTitles":["AXe UI Testing Tools","gesture tool"],"fullName":"AXe UI Testing Tools gesture tool should handle optional screen dimensions","status":"passed","title":"should handle optional screen dimensions","duration":0.16183399999999892,"failureMessages":[],"meta":{}},{"ancestorTitles":["AXe UI Testing Tools","gesture tool"],"fullName":"AXe UI Testing Tools gesture tool should accept invalid preset enum (production behavior)","status":"passed","title":"should accept invalid preset enum (production behavior)","duration":0.16204199999998536,"failureMessages":[],"meta":{}},{"ancestorTitles":["AXe UI Testing Tools","error handling"],"fullName":"AXe UI Testing Tools error handling should handle missing axe tools","status":"passed","title":"should handle missing axe tools","duration":0.25045799999998053,"failureMessages":[],"meta":{}},{"ancestorTitles":["AXe UI Testing Tools","error handling"],"fullName":"AXe UI Testing Tools error handling should handle command execution failures","status":"passed","title":"should handle command execution failures","duration":0.161042000000009,"failureMessages":[],"meta":{}},{"ancestorTitles":["AXe UI Testing Tools","error handling"],"fullName":"AXe UI Testing Tools error handling should handle command execution exceptions","status":"passed","title":"should handle command execution exceptions","duration":2.841666000000032,"failureMessages":[],"meta":{}},{"ancestorTitles":["AXe UI Testing Tools","tool registration validation"],"fullName":"AXe UI Testing Tools tool registration validation should register all expected UI testing tools","status":"passed","title":"should register all expected UI testing tools","duration":0.28025000000002365,"failureMessages":[],"meta":{}},{"ancestorTitles":["AXe UI Testing Tools","tool registration validation"],"fullName":"AXe UI Testing Tools tool registration validation should have proper tool descriptions","status":"passed","title":"should have proper tool descriptions","duration":0.1580420000000231,"failureMessages":[],"meta":{}},{"ancestorTitles":["AXe UI Testing Tools","tool registration validation"],"fullName":"AXe UI Testing Tools tool registration validation should have valid schema for each tool","status":"passed","title":"should have valid schema for each tool","duration":0.46204199999999673,"failureMessages":[],"meta":{}}],"startTime":1750800471013,"endTime":1750800471027.4622,"status":"passed","message":"","name":"/Volumes/Developer/XcodeBuildMCP-main/src/tools/axe.test.ts"},{"assertionResults":[{"ancestorTitles":["swift_package_build tool","parameter validation"],"fullName":"swift_package_build tool parameter validation should reject missing packagePath","status":"passed","title":"should reject missing packagePath","duration":1.5000829999999041,"failureMessages":[],"meta":{}},{"ancestorTitles":["swift_package_build tool","success scenarios"],"fullName":"swift_package_build tool success scenarios should accept valid packagePath only","status":"passed","title":"should accept valid packagePath only","duration":0.5541250000001128,"failureMessages":[],"meta":{}},{"ancestorTitles":["swift_package_build tool","success scenarios"],"fullName":"swift_package_build tool success scenarios should accept optional parameters","status":"passed","title":"should accept optional parameters","duration":0.24350000000004002,"failureMessages":[],"meta":{}},{"ancestorTitles":["swift_package_build tool","error handling"],"fullName":"swift_package_build tool error handling should handle command execution failure","status":"passed","title":"should handle command execution failure","duration":0.16145800000003874,"failureMessages":[],"meta":{}},{"ancestorTitles":["swift_package_build tool","error handling"],"fullName":"swift_package_build tool error handling should handle execution exceptions","status":"passed","title":"should handle execution exceptions","duration":0.17208400000004076,"failureMessages":[],"meta":{}},{"ancestorTitles":["swift_package_build tool","tool registration"],"fullName":"swift_package_build tool tool registration should register swift_package_build tool with correct name","status":"passed","title":"should register swift_package_build tool with correct name","duration":0.10783300000002782,"failureMessages":[],"meta":{}}],"startTime":1750800472145,"endTime":1750800472148.108,"status":"passed","message":"","name":"/Volumes/Developer/XcodeBuildMCP-main/src/tools/build-swift-package.test.ts"},{"assertionResults":[{"ancestorTitles":["iOS Device Tools (Canonical)","Build Tools","build_dev_proj"],"fullName":"iOS Device Tools (Canonical) Build Tools build_dev_proj should reject missing projectPath","status":"passed","title":"should reject missing projectPath","duration":1.9512090000000626,"failureMessages":[],"meta":{}},{"ancestorTitles":["iOS Device Tools (Canonical)","Build Tools","build_dev_proj"],"fullName":"iOS Device Tools (Canonical) Build Tools build_dev_proj should reject missing scheme","status":"passed","title":"should reject missing scheme","duration":0.24574999999992997,"failureMessages":[],"meta":{}},{"ancestorTitles":["iOS Device Tools (Canonical)","Build Tools","build_dev_proj"],"fullName":"iOS Device Tools (Canonical) Build Tools build_dev_proj should build successfully with required parameters","status":"passed","title":"should build successfully with required parameters","duration":0.7002090000000862,"failureMessages":[],"meta":{}},{"ancestorTitles":["iOS Device Tools (Canonical)","Build Tools","build_dev_proj"],"fullName":"iOS Device Tools (Canonical) Build Tools build_dev_proj should accept optional configuration parameter","status":"passed","title":"should accept optional configuration parameter","duration":0.2229170000000522,"failureMessages":[],"meta":{}},{"ancestorTitles":["iOS Device Tools (Canonical)","Build Tools","build_dev_proj"],"fullName":"iOS Device Tools (Canonical) Build Tools build_dev_proj should accept optional derivedDataPath parameter","status":"passed","title":"should accept optional derivedDataPath parameter","duration":0.2024579999999787,"failureMessages":[],"meta":{}},{"ancestorTitles":["iOS Device Tools (Canonical)","Build Tools","build_dev_proj"],"fullName":"iOS Device Tools (Canonical) Build Tools build_dev_proj should accept optional extraArgs parameter","status":"passed","title":"should accept optional extraArgs parameter","duration":0.18862500000000182,"failureMessages":[],"meta":{}},{"ancestorTitles":["iOS Device Tools (Canonical)","Build Tools","build_dev_proj"],"fullName":"iOS Device Tools (Canonical) Build Tools build_dev_proj should accept optional preferXcodebuild parameter","status":"passed","title":"should accept optional preferXcodebuild parameter","duration":0.17620900000008533,"failureMessages":[],"meta":{}},{"ancestorTitles":["iOS Device Tools (Canonical)","Build Tools","build_dev_proj"],"fullName":"iOS Device Tools (Canonical) Build Tools build_dev_proj should handle build failure","status":"passed","title":"should handle build failure","duration":0.28350000000000364,"failureMessages":[],"meta":{}},{"ancestorTitles":["iOS Device Tools (Canonical)","Build Tools","build_dev_ws"],"fullName":"iOS Device Tools (Canonical) Build Tools build_dev_ws should reject missing workspacePath","status":"passed","title":"should reject missing workspacePath","duration":0.2477089999999862,"failureMessages":[],"meta":{}},{"ancestorTitles":["iOS Device Tools (Canonical)","Build Tools","build_dev_ws"],"fullName":"iOS Device Tools (Canonical) Build Tools build_dev_ws should reject missing scheme","status":"passed","title":"should reject missing scheme","duration":0.1957919999999831,"failureMessages":[],"meta":{}},{"ancestorTitles":["iOS Device Tools (Canonical)","Build Tools","build_dev_ws"],"fullName":"iOS Device Tools (Canonical) Build Tools build_dev_ws should build workspace successfully","status":"passed","title":"should build workspace successfully","duration":0.20175000000006094,"failureMessages":[],"meta":{}},{"ancestorTitles":["iOS Device Tools (Canonical)","Build Tools","build_dev_ws"],"fullName":"iOS Device Tools (Canonical) Build Tools build_dev_ws should accept optional configuration parameter","status":"passed","title":"should accept optional configuration parameter","duration":0.20037500000000819,"failureMessages":[],"meta":{}},{"ancestorTitles":["iOS Device Tools (Canonical)","Build Tools","build_dev_ws"],"fullName":"iOS Device Tools (Canonical) Build Tools build_dev_ws should accept optional derivedDataPath parameter","status":"passed","title":"should accept optional derivedDataPath parameter","duration":0.16999999999995907,"failureMessages":[],"meta":{}},{"ancestorTitles":["iOS Device Tools (Canonical)","Build Tools","build_dev_ws"],"fullName":"iOS Device Tools (Canonical) Build Tools build_dev_ws should accept optional extraArgs parameter","status":"passed","title":"should accept optional extraArgs parameter","duration":0.16991700000005494,"failureMessages":[],"meta":{}},{"ancestorTitles":["iOS Device Tools (Canonical)","Build Tools","build_dev_ws"],"fullName":"iOS Device Tools (Canonical) Build Tools build_dev_ws should accept optional preferXcodebuild parameter","status":"passed","title":"should accept optional preferXcodebuild parameter","duration":0.17899999999997362,"failureMessages":[],"meta":{}},{"ancestorTitles":["iOS Device Tools (Canonical)","Build Tools","build_dev_ws"],"fullName":"iOS Device Tools (Canonical) Build Tools build_dev_ws should handle build failure","status":"passed","title":"should handle build failure","duration":0.22899999999992815,"failureMessages":[],"meta":{}},{"ancestorTitles":["iOS Device Tools (Canonical)","Test Tools","test_device_proj"],"fullName":"iOS Device Tools (Canonical) Test Tools test_device_proj should run tests without deviceId (production behavior)","status":"passed","title":"should run tests without deviceId (production behavior)","duration":1.6219579999999496,"failureMessages":[],"meta":{}},{"ancestorTitles":["iOS Device Tools (Canonical)","Test Tools","test_device_proj"],"fullName":"iOS Device Tools (Canonical) Test Tools test_device_proj should run tests successfully","status":"passed","title":"should run tests successfully","duration":0.4113750000000209,"failureMessages":[],"meta":{}},{"ancestorTitles":["iOS Device Tools (Canonical)","Test Tools","test_device_proj"],"fullName":"iOS Device Tools (Canonical) Test Tools test_device_proj should handle test failure","status":"passed","title":"should handle test failure","duration":0.3319169999999758,"failureMessages":[],"meta":{}},{"ancestorTitles":["iOS Device Tools (Canonical)","Test Tools","test_device_ws"],"fullName":"iOS Device Tools (Canonical) Test Tools test_device_ws should run workspace tests successfully","status":"passed","title":"should run workspace tests successfully","duration":0.3065829999999323,"failureMessages":[],"meta":{}},{"ancestorTitles":["iOS Device Tools (Canonical)","Test Tools","test_device_ws"],"fullName":"iOS Device Tools (Canonical) Test Tools test_device_ws should handle test failure","status":"passed","title":"should handle test failure","duration":0.3326250000000073,"failureMessages":[],"meta":{}},{"ancestorTitles":["iOS Device Tools (Canonical)","App Path Tools","get_device_app_path_proj"],"fullName":"iOS Device Tools (Canonical) App Path Tools get_device_app_path_proj should reject missing projectPath","status":"passed","title":"should reject missing projectPath","duration":0.22658300000000509,"failureMessages":[],"meta":{}},{"ancestorTitles":["iOS Device Tools (Canonical)","App Path Tools","get_device_app_path_proj"],"fullName":"iOS Device Tools (Canonical) App Path Tools get_device_app_path_proj should reject missing scheme","status":"passed","title":"should reject missing scheme","duration":0.188666000000012,"failureMessages":[],"meta":{}},{"ancestorTitles":["iOS Device Tools (Canonical)","App Path Tools","get_device_app_path_proj"],"fullName":"iOS Device Tools (Canonical) App Path Tools get_device_app_path_proj should get app path successfully","status":"passed","title":"should get app path successfully","duration":0.3541659999999638,"failureMessages":[],"meta":{}},{"ancestorTitles":["iOS Device Tools (Canonical)","App Path Tools","get_device_app_path_proj"],"fullName":"iOS Device Tools (Canonical) App Path Tools get_device_app_path_proj should handle failure to get app path","status":"passed","title":"should handle failure to get app path","duration":0.21800000000007458,"failureMessages":[],"meta":{}},{"ancestorTitles":["iOS Device Tools (Canonical)","App Path Tools","get_device_app_path_ws"],"fullName":"iOS Device Tools (Canonical) App Path Tools get_device_app_path_ws should get workspace app path successfully","status":"passed","title":"should get workspace app path successfully","duration":0.2735410000000229,"failureMessages":[],"meta":{}},{"ancestorTitles":["iOS Device Tools (Canonical)","Device Management Tools","list_devices"],"fullName":"iOS Device Tools (Canonical) Device Management Tools list_devices should list connected devices","status":"passed","title":"should list connected devices","duration":0.4403340000000071,"failureMessages":[],"meta":{}},{"ancestorTitles":["iOS Device Tools (Canonical)","Device Management Tools","install_app_device"],"fullName":"iOS Device Tools (Canonical) Device Management Tools install_app_device should install app successfully","status":"passed","title":"should install app successfully","duration":0.2414170000000695,"failureMessages":[],"meta":{}},{"ancestorTitles":["iOS Device Tools (Canonical)","Device Management Tools","launch_app_device"],"fullName":"iOS Device Tools (Canonical) Device Management Tools launch_app_device should launch app successfully","status":"passed","title":"should launch app successfully","duration":0.2537919999999758,"failureMessages":[],"meta":{}},{"ancestorTitles":["iOS Device Tools (Canonical)","Device Management Tools","stop_app_device"],"fullName":"iOS Device Tools (Canonical) Device Management Tools stop_app_device should stop app successfully","status":"passed","title":"should stop app successfully","duration":0.22225000000003092,"failureMessages":[],"meta":{}},{"ancestorTitles":["iOS Device Tools (Canonical)","Device Log Tools","start_device_log_cap"],"fullName":"iOS Device Tools (Canonical) Device Log Tools start_device_log_cap should start log capture successfully","status":"passed","title":"should start log capture successfully","duration":0.5431670000000395,"failureMessages":[],"meta":{}},{"ancestorTitles":["iOS Device Tools (Canonical)","Device Log Tools","stop_device_log_cap"],"fullName":"iOS Device Tools (Canonical) Device Log Tools stop_device_log_cap should handle stop log capture when session not found","status":"passed","title":"should handle stop log capture when session not found","duration":0.2445830000000342,"failureMessages":[],"meta":{}},{"ancestorTitles":["iOS Device Tools (Canonical)","Tool Count Validation"],"fullName":"iOS Device Tools (Canonical) Tool Count Validation should register exactly 12 iOS device tools","status":"passed","title":"should register exactly 12 iOS device tools","duration":0.3306670000000622,"failureMessages":[],"meta":{}}],"startTime":1750800471114,"endTime":1750800471126.3306,"status":"passed","message":"","name":"/Volumes/Developer/XcodeBuildMCP-main/src/tools/build_ios_device.test.ts"},{"assertionResults":[{"ancestorTitles":["iOS Simulator Build Tools","build_sim_name_ws tool","parameter validation"],"fullName":"iOS Simulator Build Tools build_sim_name_ws tool parameter validation should reject missing workspacePath","status":"passed","title":"should reject missing workspacePath","duration":1.3078749999999673,"failureMessages":[],"meta":{}},{"ancestorTitles":["iOS Simulator Build Tools","build_sim_name_ws tool","parameter validation"],"fullName":"iOS Simulator Build Tools build_sim_name_ws tool parameter validation should reject missing scheme","status":"passed","title":"should reject missing scheme","duration":0.17837499999995998,"failureMessages":[],"meta":{}},{"ancestorTitles":["iOS Simulator Build Tools","build_sim_name_ws tool","parameter validation"],"fullName":"iOS Simulator Build Tools build_sim_name_ws tool parameter validation should reject missing simulatorName","status":"passed","title":"should reject missing simulatorName","duration":0.15762499999993906,"failureMessages":[],"meta":{}},{"ancestorTitles":["iOS Simulator Build Tools","build_sim_name_ws tool","success scenarios"],"fullName":"iOS Simulator Build Tools build_sim_name_ws tool success scenarios should return deterministic success response","status":"passed","title":"should return deterministic success response","duration":1.1222920000000158,"failureMessages":[],"meta":{}},{"ancestorTitles":["iOS Simulator Build Tools","build_sim_id_ws tool","parameter validation"],"fullName":"iOS Simulator Build Tools build_sim_id_ws tool parameter validation should reject missing required parameters","status":"passed","title":"should reject missing required parameters","duration":0.21524999999996908,"failureMessages":[],"meta":{}},{"ancestorTitles":["iOS Simulator Build Tools","build_sim_id_ws tool","success scenarios"],"fullName":"iOS Simulator Build Tools build_sim_id_ws tool success scenarios should return deterministic success response","status":"passed","title":"should return deterministic success response","duration":0.15125000000000455,"failureMessages":[],"meta":{}},{"ancestorTitles":["iOS Simulator Build Tools","build_sim_name_proj tool","parameter validation"],"fullName":"iOS Simulator Build Tools build_sim_name_proj tool parameter validation should reject missing required parameters","status":"passed","title":"should reject missing required parameters","duration":0.17333400000006804,"failureMessages":[],"meta":{}},{"ancestorTitles":["iOS Simulator Build Tools","build_sim_name_proj tool","success scenarios"],"fullName":"iOS Simulator Build Tools build_sim_name_proj tool success scenarios should return deterministic success response","status":"passed","title":"should return deterministic success response","duration":0.1316669999999931,"failureMessages":[],"meta":{}},{"ancestorTitles":["iOS Simulator Build Tools","build_sim_id_proj tool","parameter validation"],"fullName":"iOS Simulator Build Tools build_sim_id_proj tool parameter validation should reject missing projectPath","status":"passed","title":"should reject missing projectPath","duration":0.2541249999999309,"failureMessages":[],"meta":{}},{"ancestorTitles":["iOS Simulator Build Tools","build_sim_id_proj tool","parameter validation"],"fullName":"iOS Simulator Build Tools build_sim_id_proj tool parameter validation should reject missing scheme","status":"passed","title":"should reject missing scheme","duration":0.21262500000000273,"failureMessages":[],"meta":{}},{"ancestorTitles":["iOS Simulator Build Tools","build_sim_id_proj tool","parameter validation"],"fullName":"iOS Simulator Build Tools build_sim_id_proj tool parameter validation should reject missing simulatorId","status":"passed","title":"should reject missing simulatorId","duration":0.13591699999994944,"failureMessages":[],"meta":{}},{"ancestorTitles":["iOS Simulator Build Tools","build_sim_id_proj tool","success scenarios"],"fullName":"iOS Simulator Build Tools build_sim_id_proj tool success scenarios should return deterministic success response","status":"passed","title":"should return deterministic success response","duration":0.143291999999974,"failureMessages":[],"meta":{}},{"ancestorTitles":["iOS Simulator Build Tools","build_run_sim_name_ws tool","parameter validation"],"fullName":"iOS Simulator Build Tools build_run_sim_name_ws tool parameter validation should reject missing required parameters","status":"passed","title":"should reject missing required parameters","duration":0.16550000000006548,"failureMessages":[],"meta":{}},{"ancestorTitles":["iOS Simulator Build Tools","build_run_sim_name_ws tool","success scenarios"],"fullName":"iOS Simulator Build Tools build_run_sim_name_ws tool success scenarios should return deterministic success response","status":"passed","title":"should return deterministic success response","duration":0.4223330000000942,"failureMessages":[],"meta":{}},{"ancestorTitles":["iOS Simulator Build Tools","build_run_sim_id_ws tool","parameter validation"],"fullName":"iOS Simulator Build Tools build_run_sim_id_ws tool parameter validation should reject missing required parameters","status":"passed","title":"should reject missing required parameters","duration":0.21595800000000054,"failureMessages":[],"meta":{}},{"ancestorTitles":["iOS Simulator Build Tools","build_run_sim_id_ws tool","success scenarios"],"fullName":"iOS Simulator Build Tools build_run_sim_id_ws tool success scenarios should return deterministic success response","status":"passed","title":"should return deterministic success response","duration":0.16345899999998892,"failureMessages":[],"meta":{}},{"ancestorTitles":["iOS Simulator Build Tools","build_run_sim_name_proj tool","parameter validation"],"fullName":"iOS Simulator Build Tools build_run_sim_name_proj tool parameter validation should reject missing required parameters","status":"passed","title":"should reject missing required parameters","duration":0.13558399999999438,"failureMessages":[],"meta":{}},{"ancestorTitles":["iOS Simulator Build Tools","build_run_sim_name_proj tool","success scenarios"],"fullName":"iOS Simulator Build Tools build_run_sim_name_proj tool success scenarios should return deterministic success response","status":"passed","title":"should return deterministic success response","duration":0.1612079999999878,"failureMessages":[],"meta":{}},{"ancestorTitles":["iOS Simulator Build Tools","build_run_sim_id_proj tool","parameter validation"],"fullName":"iOS Simulator Build Tools build_run_sim_id_proj tool parameter validation should reject missing required parameters","status":"passed","title":"should reject missing required parameters","duration":0.15674999999998818,"failureMessages":[],"meta":{}},{"ancestorTitles":["iOS Simulator Build Tools","build_run_sim_id_proj tool","success scenarios"],"fullName":"iOS Simulator Build Tools build_run_sim_id_proj tool success scenarios should return deterministic success response","status":"passed","title":"should return deterministic success response","duration":0.11833400000000438,"failureMessages":[],"meta":{}},{"ancestorTitles":["iOS Simulator Build Tools","error handling"],"fullName":"iOS Simulator Build Tools error handling should handle build failures correctly","status":"passed","title":"should handle build failures correctly","duration":0.10595899999998437,"failureMessages":[],"meta":{}},{"ancestorTitles":["iOS Simulator Build Tools","tool registration"],"fullName":"iOS Simulator Build Tools tool registration should register all 8 tools with correct names","status":"passed","title":"should register all 8 tools with correct names","duration":0.1714999999999236,"failureMessages":[],"meta":{}}],"startTime":1750800471395,"endTime":1750800471402.1714,"status":"passed","message":"","name":"/Volumes/Developer/XcodeBuildMCP-main/src/tools/build_ios_simulator.test.ts"},{"assertionResults":[{"ancestorTitles":["macOS Build Tools Tests","get_mac_bundle_id tool","parameter validation"],"fullName":"macOS Build Tools Tests get_mac_bundle_id tool parameter validation should reject missing appPath parameter","status":"passed","title":"should reject missing appPath parameter","duration":1.8372090000000298,"failureMessages":[],"meta":{}},{"ancestorTitles":["macOS Build Tools Tests","get_mac_bundle_id tool","parameter validation"],"fullName":"macOS Build Tools Tests get_mac_bundle_id tool parameter validation should reject non-existent app path","status":"passed","title":"should reject non-existent app path","duration":0.5266659999999774,"failureMessages":[],"meta":{}},{"ancestorTitles":["macOS Build Tools Tests","get_mac_bundle_id tool","success scenarios"],"fullName":"macOS Build Tools Tests get_mac_bundle_id tool success scenarios should extract bundle ID successfully using defaults read","status":"passed","title":"should extract bundle ID successfully using defaults read","duration":0.4969170000001668,"failureMessages":[],"meta":{}},{"ancestorTitles":["macOS Build Tools Tests","get_mac_bundle_id tool","success scenarios"],"fullName":"macOS Build Tools Tests get_mac_bundle_id tool success scenarios should fall back to PlistBuddy when defaults read fails","status":"passed","title":"should fall back to PlistBuddy when defaults read fails","duration":0.21700000000009823,"failureMessages":[],"meta":{}},{"ancestorTitles":["macOS Build Tools Tests","get_mac_bundle_id tool","error scenarios"],"fullName":"macOS Build Tools Tests get_mac_bundle_id tool error scenarios should handle failures when both methods fail","status":"passed","title":"should handle failures when both methods fail","duration":0.15450000000009823,"failureMessages":[],"meta":{}},{"ancestorTitles":["macOS Build Tools Tests","get_mac_bundle_id tool","error scenarios"],"fullName":"macOS Build Tools Tests get_mac_bundle_id tool error scenarios should handle schema validation errors","status":"passed","title":"should handle schema validation errors","duration":0.14741699999990487,"failureMessages":[],"meta":{}},{"ancestorTitles":["macOS Build Tools Tests","get_mac_bundle_id tool","fallback mechanism"],"fullName":"macOS Build Tools Tests get_mac_bundle_id tool fallback mechanism should test both extraction methods in sequence","status":"passed","title":"should test both extraction methods in sequence","duration":0.12400000000002365,"failureMessages":[],"meta":{}},{"ancestorTitles":["macOS Build Tools Tests","get_mac_bundle_id tool","fallback mechanism"],"fullName":"macOS Build Tools Tests get_mac_bundle_id tool fallback mechanism should try PlistBuddy only after defaults read fails","status":"passed","title":"should try PlistBuddy only after defaults read fails","duration":0.1775840000000244,"failureMessages":[],"meta":{}}],"startTime":1750800472030,"endTime":1750800472034.1775,"status":"passed","message":"","name":"/Volumes/Developer/XcodeBuildMCP-main/src/tools/build_macos.test.ts"},{"assertionResults":[{"ancestorTitles":["build_settings tests","show_build_set_ws parameter validation"],"fullName":"build_settings tests show_build_set_ws parameter validation should reject missing workspacePath parameter","status":"passed","title":"should reject missing workspacePath parameter","duration":1.1632079999999405,"failureMessages":[],"meta":{}},{"ancestorTitles":["build_settings tests","show_build_set_ws parameter validation"],"fullName":"build_settings tests show_build_set_ws parameter validation should reject missing scheme parameter","status":"passed","title":"should reject missing scheme parameter","duration":0.1612089999998716,"failureMessages":[],"meta":{}},{"ancestorTitles":["build_settings tests","show_build_set_proj parameter validation"],"fullName":"build_settings tests show_build_set_proj parameter validation should reject missing projectPath parameter","status":"passed","title":"should reject missing projectPath parameter","duration":0.1721669999999449,"failureMessages":[],"meta":{}},{"ancestorTitles":["build_settings tests","show_build_set_proj parameter validation"],"fullName":"build_settings tests show_build_set_proj parameter validation should reject missing scheme parameter","status":"passed","title":"should reject missing scheme parameter","duration":0.12474999999994907,"failureMessages":[],"meta":{}},{"ancestorTitles":["build_settings tests","list_schems_ws parameter validation"],"fullName":"build_settings tests list_schems_ws parameter validation should reject missing workspacePath parameter","status":"passed","title":"should reject missing workspacePath parameter","duration":0.16766699999993762,"failureMessages":[],"meta":{}},{"ancestorTitles":["build_settings tests","list_schems_proj parameter validation"],"fullName":"build_settings tests list_schems_proj parameter validation should reject missing projectPath parameter","status":"passed","title":"should reject missing projectPath parameter","duration":0.13416699999993398,"failureMessages":[],"meta":{}},{"ancestorTitles":["build_settings tests","show_build_set_ws success scenarios"],"fullName":"build_settings tests show_build_set_ws success scenarios should show build settings for workspace successfully","status":"passed","title":"should show build settings for workspace successfully","duration":0.5320830000000569,"failureMessages":[],"meta":{}},{"ancestorTitles":["build_settings tests","show_build_set_ws success scenarios"],"fullName":"build_settings tests show_build_set_ws success scenarios should handle command failure for workspace build settings","status":"passed","title":"should handle command failure for workspace build settings","duration":0.1171670000001086,"failureMessages":[],"meta":{}},{"ancestorTitles":["build_settings tests","show_build_set_proj success scenarios"],"fullName":"build_settings tests show_build_set_proj success scenarios should show build settings for project successfully","status":"passed","title":"should show build settings for project successfully","duration":0.20162499999992178,"failureMessages":[],"meta":{}},{"ancestorTitles":["build_settings tests","show_build_set_proj success scenarios"],"fullName":"build_settings tests show_build_set_proj success scenarios should handle command failure for project build settings","status":"passed","title":"should handle command failure for project build settings","duration":0.15087500000004184,"failureMessages":[],"meta":{}},{"ancestorTitles":["build_settings tests","list_schems_ws success scenarios"],"fullName":"build_settings tests list_schems_ws success scenarios should list schemes for workspace successfully","status":"passed","title":"should list schemes for workspace successfully","duration":0.2758330000001479,"failureMessages":[],"meta":{}},{"ancestorTitles":["build_settings tests","list_schems_ws success scenarios"],"fullName":"build_settings tests list_schems_ws success scenarios should handle missing schemes section in workspace output","status":"passed","title":"should handle missing schemes section in workspace output","duration":0.13079199999992852,"failureMessages":[],"meta":{}},{"ancestorTitles":["build_settings tests","list_schems_ws success scenarios"],"fullName":"build_settings tests list_schems_ws success scenarios should handle command failure for workspace scheme listing","status":"passed","title":"should handle command failure for workspace scheme listing","duration":0.09741599999983919,"failureMessages":[],"meta":{}},{"ancestorTitles":["build_settings tests","list_schems_proj success scenarios"],"fullName":"build_settings tests list_schems_proj success scenarios should list schemes for project successfully","status":"passed","title":"should list schemes for project successfully","duration":0.16612499999996544,"failureMessages":[],"meta":{}},{"ancestorTitles":["build_settings tests","list_schems_proj success scenarios"],"fullName":"build_settings tests list_schems_proj success scenarios should handle missing schemes section in project output","status":"passed","title":"should handle missing schemes section in project output","duration":0.10408299999994597,"failureMessages":[],"meta":{}},{"ancestorTitles":["build_settings tests","list_schems_proj success scenarios"],"fullName":"build_settings tests list_schems_proj success scenarios should handle command failure for project scheme listing","status":"passed","title":"should handle command failure for project scheme listing","duration":0.10095799999999144,"failureMessages":[],"meta":{}},{"ancestorTitles":["build_settings tests","error handling edge cases"],"fullName":"build_settings tests error handling edge cases should handle empty output for build settings","status":"passed","title":"should handle empty output for build settings","duration":0.11041599999998652,"failureMessages":[],"meta":{}},{"ancestorTitles":["build_settings tests","error handling edge cases"],"fullName":"build_settings tests error handling edge cases should handle execution exceptions for build settings","status":"passed","title":"should handle execution exceptions for build settings","duration":0.12754099999983737,"failureMessages":[],"meta":{}},{"ancestorTitles":["build_settings tests","error handling edge cases"],"fullName":"build_settings tests error handling edge cases should handle execution exceptions for scheme listing","status":"passed","title":"should handle execution exceptions for scheme listing","duration":0.11916699999983393,"failureMessages":[],"meta":{}},{"ancestorTitles":["build_settings tests","tool registration"],"fullName":"build_settings tests tool registration should register all 4 tools with correct names","status":"passed","title":"should register all 4 tools with correct names","duration":0.16845800000010058,"failureMessages":[],"meta":{}}],"startTime":1750800471669,"endTime":1750800471673.1685,"status":"passed","message":"","name":"/Volumes/Developer/XcodeBuildMCP-main/src/tools/build_settings.test.ts"},{"assertionResults":[{"ancestorTitles":["bundleId tests","getMacOSBundleId parameter validation"],"fullName":"bundleId tests getMacOSBundleId parameter validation should reject missing appPath parameter","status":"passed","title":"should reject missing appPath parameter","duration":1.6856669999999667,"failureMessages":[],"meta":{}},{"ancestorTitles":["bundleId tests","getMacOSBundleId parameter validation"],"fullName":"bundleId tests getMacOSBundleId parameter validation should reject undefined appPath parameter","status":"passed","title":"should reject undefined appPath parameter","duration":0.15324999999995725,"failureMessages":[],"meta":{}},{"ancestorTitles":["bundleId tests","getMacOSBundleId parameter validation"],"fullName":"bundleId tests getMacOSBundleId parameter validation should reject null appPath parameter","status":"passed","title":"should reject null appPath parameter","duration":0.12733300000002146,"failureMessages":[],"meta":{}},{"ancestorTitles":["bundleId tests","getMacOSBundleId parameter validation"],"fullName":"bundleId tests getMacOSBundleId parameter validation should reject non-string appPath parameter","status":"passed","title":"should reject non-string appPath parameter","duration":0.10154199999999491,"failureMessages":[],"meta":{}},{"ancestorTitles":["bundleId tests","getAppBundleId parameter validation"],"fullName":"bundleId tests getAppBundleId parameter validation should reject missing appPath parameter","status":"passed","title":"should reject missing appPath parameter","duration":0.1705419999999549,"failureMessages":[],"meta":{}},{"ancestorTitles":["bundleId tests","getAppBundleId parameter validation"],"fullName":"bundleId tests getAppBundleId parameter validation should reject undefined appPath parameter","status":"passed","title":"should reject undefined appPath parameter","duration":0.0998339999999871,"failureMessages":[],"meta":{}},{"ancestorTitles":["bundleId tests","getAppBundleId parameter validation"],"fullName":"bundleId tests getAppBundleId parameter validation should reject null appPath parameter","status":"passed","title":"should reject null appPath parameter","duration":0.12045800000009876,"failureMessages":[],"meta":{}},{"ancestorTitles":["bundleId tests","getAppBundleId parameter validation"],"fullName":"bundleId tests getAppBundleId parameter validation should reject non-string appPath parameter","status":"passed","title":"should reject non-string appPath parameter","duration":0.11366700000007768,"failureMessages":[],"meta":{}},{"ancestorTitles":["bundleId tests","getMacOSBundleId file existence validation"],"fullName":"bundleId tests getMacOSBundleId file existence validation should reject non-existent app path","status":"passed","title":"should reject non-existent app path","duration":0.5368330000000014,"failureMessages":[],"meta":{}},{"ancestorTitles":["bundleId tests","getMacOSBundleId file existence validation"],"fullName":"bundleId tests getMacOSBundleId file existence validation should accept existing app path","status":"passed","title":"should accept existing app path","duration":0.08150000000000546,"failureMessages":[],"meta":{}},{"ancestorTitles":["bundleId tests","getAppBundleId file existence validation"],"fullName":"bundleId tests getAppBundleId file existence validation should reject non-existent app path","status":"passed","title":"should reject non-existent app path","duration":0.08520799999996598,"failureMessages":[],"meta":{}},{"ancestorTitles":["bundleId tests","getAppBundleId file existence validation"],"fullName":"bundleId tests getAppBundleId file existence validation should accept existing app path","status":"passed","title":"should accept existing app path","duration":0.06400000000007822,"failureMessages":[],"meta":{}},{"ancestorTitles":["bundleId tests","getMacOSBundleId success scenarios"],"fullName":"bundleId tests getMacOSBundleId success scenarios should extract bundle ID using defaults read successfully","status":"passed","title":"should extract bundle ID using defaults read successfully","duration":0.4215000000000373,"failureMessages":[],"meta":{}},{"ancestorTitles":["bundleId tests","getMacOSBundleId success scenarios"],"fullName":"bundleId tests getMacOSBundleId success scenarios should extract bundle ID using PlistBuddy as fallback when defaults read fails","status":"passed","title":"should extract bundle ID using PlistBuddy as fallback when defaults read fails","duration":0.17395799999997053,"failureMessages":[],"meta":{}},{"ancestorTitles":["bundleId tests","getMacOSBundleId success scenarios"],"fullName":"bundleId tests getMacOSBundleId success scenarios should handle error when both defaults read and PlistBuddy fail","status":"passed","title":"should handle error when both defaults read and PlistBuddy fail","duration":0.12733400000001893,"failureMessages":[],"meta":{}},{"ancestorTitles":["bundleId tests","getAppBundleId success scenarios"],"fullName":"bundleId tests getAppBundleId success scenarios should extract bundle ID using defaults read successfully","status":"passed","title":"should extract bundle ID using defaults read successfully","duration":0.12125000000003183,"failureMessages":[],"meta":{}},{"ancestorTitles":["bundleId tests","getAppBundleId success scenarios"],"fullName":"bundleId tests getAppBundleId success scenarios should extract bundle ID using PlistBuddy as fallback when defaults read fails","status":"passed","title":"should extract bundle ID using PlistBuddy as fallback when defaults read fails","duration":0.14620800000000145,"failureMessages":[],"meta":{}},{"ancestorTitles":["bundleId tests","getAppBundleId success scenarios"],"fullName":"bundleId tests getAppBundleId success scenarios should handle error when both defaults read and PlistBuddy fail","status":"passed","title":"should handle error when both defaults read and PlistBuddy fail","duration":0.10487499999999272,"failureMessages":[],"meta":{}},{"ancestorTitles":["bundleId tests","edge cases and error handling"],"fullName":"bundleId tests edge cases and error handling should handle bundle ID with whitespace correctly for macOS tool","status":"passed","title":"should handle bundle ID with whitespace correctly for macOS tool","duration":0.07849999999996271,"failureMessages":[],"meta":{}},{"ancestorTitles":["bundleId tests","edge cases and error handling"],"fullName":"bundleId tests edge cases and error handling should handle bundle ID with whitespace correctly for general tool","status":"passed","title":"should handle bundle ID with whitespace correctly for general tool","duration":0.07537500000000819,"failureMessages":[],"meta":{}},{"ancestorTitles":["bundleId tests","edge cases and error handling"],"fullName":"bundleId tests edge cases and error handling should handle app paths with special characters correctly","status":"passed","title":"should handle app paths with special characters correctly","duration":0.10245799999995597,"failureMessages":[],"meta":{}},{"ancestorTitles":["bundleId tests","edge cases and error handling"],"fullName":"bundleId tests edge cases and error handling should handle empty bundle ID response","status":"passed","title":"should handle empty bundle ID response","duration":0.07345799999995961,"failureMessages":[],"meta":{}},{"ancestorTitles":["bundleId tests","edge cases and error handling"],"fullName":"bundleId tests edge cases and error handling should handle non-Error exceptions correctly","status":"passed","title":"should handle non-Error exceptions correctly","duration":0.10533299999997325,"failureMessages":[],"meta":{}}],"startTime":1750800471557,"endTime":1750800471562.1462,"status":"passed","message":"","name":"/Volumes/Developer/XcodeBuildMCP-main/src/tools/bundleId.test.ts"},{"assertionResults":[{"ancestorTitles":["clean tests","cleanWorkspace parameter validation"],"fullName":"clean tests cleanWorkspace parameter validation should reject missing workspacePath parameter","status":"passed","title":"should reject missing workspacePath parameter","duration":1.7441660000000638,"failureMessages":[],"meta":{}},{"ancestorTitles":["clean tests","cleanWorkspace parameter validation"],"fullName":"clean tests cleanWorkspace parameter validation should reject undefined workspacePath parameter","status":"passed","title":"should reject undefined workspacePath parameter","duration":0.15770800000007057,"failureMessages":[],"meta":{}},{"ancestorTitles":["clean tests","cleanWorkspace parameter validation"],"fullName":"clean tests cleanWorkspace parameter validation should reject null workspacePath parameter","status":"passed","title":"should reject null workspacePath parameter","duration":0.11545799999998962,"failureMessages":[],"meta":{}},{"ancestorTitles":["clean tests","cleanWorkspace parameter validation"],"fullName":"clean tests cleanWorkspace parameter validation should reject non-string workspacePath parameter","status":"passed","title":"should reject non-string workspacePath parameter","duration":0.11662499999999909,"failureMessages":[],"meta":{}},{"ancestorTitles":["clean tests","cleanWorkspace parameter validation"],"fullName":"clean tests cleanWorkspace parameter validation should accept valid workspacePath without optional parameters","status":"passed","title":"should accept valid workspacePath without optional parameters","duration":0.2408339999999498,"failureMessages":[],"meta":{}},{"ancestorTitles":["clean tests","cleanWorkspace parameter validation"],"fullName":"clean tests cleanWorkspace parameter validation should accept all optional parameters","status":"passed","title":"should accept all optional parameters","duration":0.16466600000001108,"failureMessages":[],"meta":{}},{"ancestorTitles":["clean tests","cleanProject parameter validation"],"fullName":"clean tests cleanProject parameter validation should reject missing projectPath parameter","status":"passed","title":"should reject missing projectPath parameter","duration":0.11883299999999508,"failureMessages":[],"meta":{}},{"ancestorTitles":["clean tests","cleanProject parameter validation"],"fullName":"clean tests cleanProject parameter validation should reject undefined projectPath parameter","status":"passed","title":"should reject undefined projectPath parameter","duration":0.1149159999999938,"failureMessages":[],"meta":{}},{"ancestorTitles":["clean tests","cleanProject parameter validation"],"fullName":"clean tests cleanProject parameter validation should reject null projectPath parameter","status":"passed","title":"should reject null projectPath parameter","duration":0.11108300000000781,"failureMessages":[],"meta":{}},{"ancestorTitles":["clean tests","cleanProject parameter validation"],"fullName":"clean tests cleanProject parameter validation should reject non-string projectPath parameter","status":"passed","title":"should reject non-string projectPath parameter","duration":0.10858300000006693,"failureMessages":[],"meta":{}},{"ancestorTitles":["clean tests","cleanProject parameter validation"],"fullName":"clean tests cleanProject parameter validation should accept valid projectPath without optional parameters","status":"passed","title":"should accept valid projectPath without optional parameters","duration":0.06541700000002493,"failureMessages":[],"meta":{}},{"ancestorTitles":["clean tests","cleanProject parameter validation"],"fullName":"clean tests cleanProject parameter validation should accept all optional parameters","status":"passed","title":"should accept all optional parameters","duration":0.08000000000004093,"failureMessages":[],"meta":{}},{"ancestorTitles":["clean tests","cleanWorkspace success scenarios"],"fullName":"clean tests cleanWorkspace success scenarios should clean workspace successfully with minimal parameters","status":"passed","title":"should clean workspace successfully with minimal parameters","duration":0.7885410000000093,"failureMessages":[],"meta":{}},{"ancestorTitles":["clean tests","cleanWorkspace success scenarios"],"fullName":"clean tests cleanWorkspace success scenarios should clean workspace successfully with all parameters","status":"passed","title":"should clean workspace successfully with all parameters","duration":0.16812499999991815,"failureMessages":[],"meta":{}},{"ancestorTitles":["clean tests","cleanWorkspace success scenarios"],"fullName":"clean tests cleanWorkspace success scenarios should handle command failure for workspace clean","status":"passed","title":"should handle command failure for workspace clean","duration":0.09249999999997272,"failureMessages":[],"meta":{}},{"ancestorTitles":["clean tests","cleanProject success scenarios"],"fullName":"clean tests cleanProject success scenarios should clean project successfully with minimal parameters","status":"passed","title":"should clean project successfully with minimal parameters","duration":0.13408299999991868,"failureMessages":[],"meta":{}},{"ancestorTitles":["clean tests","cleanProject success scenarios"],"fullName":"clean tests cleanProject success scenarios should clean project successfully with all parameters","status":"passed","title":"should clean project successfully with all parameters","duration":0.1409999999999627,"failureMessages":[],"meta":{}},{"ancestorTitles":["clean tests","cleanProject success scenarios"],"fullName":"clean tests cleanProject success scenarios should handle command failure for project clean","status":"passed","title":"should handle command failure for project clean","duration":0.081833999999958,"failureMessages":[],"meta":{}},{"ancestorTitles":["clean tests","error handling edge cases"],"fullName":"clean tests error handling edge cases should handle executeXcodeBuildCommand throwing an exception for workspace","status":"passed","title":"should handle executeXcodeBuildCommand throwing an exception for workspace","duration":0.15329099999996743,"failureMessages":[],"meta":{}},{"ancestorTitles":["clean tests","error handling edge cases"],"fullName":"clean tests error handling edge cases should handle executeXcodeBuildCommand throwing an exception for project","status":"passed","title":"should handle executeXcodeBuildCommand throwing an exception for project","duration":0.09141699999997854,"failureMessages":[],"meta":{}},{"ancestorTitles":["clean tests","error handling edge cases"],"fullName":"clean tests error handling edge cases should handle default scheme and configuration correctly for workspace","status":"passed","title":"should handle default scheme and configuration correctly for workspace","duration":0.08554100000003473,"failureMessages":[],"meta":{}},{"ancestorTitles":["clean tests","error handling edge cases"],"fullName":"clean tests error handling edge cases should handle default scheme and configuration correctly for project","status":"passed","title":"should handle default scheme and configuration correctly for project","duration":0.07529099999999289,"failureMessages":[],"meta":{}}],"startTime":1750800471504,"endTime":1750800471509.0854,"status":"passed","message":"","name":"/Volumes/Developer/XcodeBuildMCP-main/src/tools/clean.test.ts"},{"assertionResults":[{"ancestorTitles":["common utilities tests","createTextContent function"],"fullName":"common utilities tests createTextContent function should create text content with proper structure","status":"passed","title":"should create text content with proper structure","duration":0.9551669999998467,"failureMessages":[],"meta":{}},{"ancestorTitles":["common utilities tests","createTextContent function"],"fullName":"common utilities tests createTextContent function should handle empty string","status":"passed","title":"should handle empty string","duration":0.07800000000020191,"failureMessages":[],"meta":{}},{"ancestorTitles":["common utilities tests","createTextContent function"],"fullName":"common utilities tests createTextContent function should handle multi-line text","status":"passed","title":"should handle multi-line text","duration":0.06370800000013332,"failureMessages":[],"meta":{}},{"ancestorTitles":["common utilities tests","createTextContent function"],"fullName":"common utilities tests createTextContent function should handle special characters","status":"passed","title":"should handle special characters","duration":0.10608299999989868,"failureMessages":[],"meta":{}},{"ancestorTitles":["common utilities tests","registerTool function"],"fullName":"common utilities tests registerTool function should register tool with correct parameters","status":"passed","title":"should register tool with correct parameters","duration":0.7355000000000018,"failureMessages":[],"meta":{}},{"ancestorTitles":["common utilities tests","registerTool function"],"fullName":"common utilities tests registerTool function should create wrapped handler that calls original handler","status":"passed","title":"should create wrapped handler that calls original handler","duration":0.4524579999999787,"failureMessages":[],"meta":{}},{"ancestorTitles":["common utilities tests","registerTool function"],"fullName":"common utilities tests registerTool function should handle complex schema objects","status":"passed","title":"should handle complex schema objects","duration":0.12962500000003274,"failureMessages":[],"meta":{}},{"ancestorTitles":["common utilities tests","registerTool function"],"fullName":"common utilities tests registerTool function should handle handler that returns error response","status":"passed","title":"should handle handler that returns error response","duration":0.12616700000012315,"failureMessages":[],"meta":{}},{"ancestorTitles":["common utilities tests","registerTool function"],"fullName":"common utilities tests registerTool function should handle handler with different return formats","status":"passed","title":"should handle handler with different return formats","duration":0.22725000000014006,"failureMessages":[],"meta":{}},{"ancestorTitles":["common utilities tests","type assertion handling in registerTool"],"fullName":"common utilities tests type assertion handling in registerTool should properly handle type assertions for wrapped handler","status":"passed","title":"should properly handle type assertions for wrapped handler","duration":0.2143750000000182,"failureMessages":[],"meta":{}},{"ancestorTitles":["common utilities tests","integration scenarios"],"fullName":"common utilities tests integration scenarios should support tool registration workflow for build tools","status":"passed","title":"should support tool registration workflow for build tools","duration":0.16941600000018298,"failureMessages":[],"meta":{}},{"ancestorTitles":["common utilities tests","integration scenarios"],"fullName":"common utilities tests integration scenarios should support tool registration workflow for simulator tools","status":"passed","title":"should support tool registration workflow for simulator tools","duration":0.12483399999996436,"failureMessages":[],"meta":{}}],"startTime":1750800472086,"endTime":1750800472090.1694,"status":"passed","message":"","name":"/Volumes/Developer/XcodeBuildMCP-main/src/tools/common.test.ts"},{"assertionResults":[{"ancestorTitles":["Device Management Tools - Redirect Notice"],"fullName":"Device Management Tools - Redirect Notice should indicate tests are in consolidated iOS device test file","status":"passed","title":"should indicate tests are in consolidated iOS device test file","duration":1.0497909999999138,"failureMessages":[],"meta":{}},{"ancestorTitles":["Device Management Tools - Redirect Notice"],"fullName":"Device Management Tools - Redirect Notice should confirm canonical migration is complete","status":"passed","title":"should confirm canonical migration is complete","duration":0.11433400000009897,"failureMessages":[],"meta":{}}],"startTime":1750800472196,"endTime":1750800472198.1143,"status":"passed","message":"","name":"/Volumes/Developer/XcodeBuildMCP-main/src/tools/device.test.ts"},{"assertionResults":[{"ancestorTitles":["Device Log Tools - Redirect Notice"],"fullName":"Device Log Tools - Redirect Notice should indicate tests are in consolidated iOS device test file","status":"passed","title":"should indicate tests are in consolidated iOS device test file","duration":0.9886669999998503,"failureMessages":[],"meta":{}},{"ancestorTitles":["Device Log Tools - Redirect Notice"],"fullName":"Device Log Tools - Redirect Notice should confirm canonical migration is complete","status":"passed","title":"should confirm canonical migration is complete","duration":0.09425000000010186,"failureMessages":[],"meta":{}}],"startTime":1750800472359,"endTime":1750800472360.0942,"status":"passed","message":"","name":"/Volumes/Developer/XcodeBuildMCP-main/src/tools/device_log.test.ts"},{"assertionResults":[{"ancestorTitles":["diagnostic tool tests","parameter validation"],"fullName":"diagnostic tool tests parameter validation should accept optional enabled parameter","status":"passed","title":"should accept optional enabled parameter","duration":2.4638749999999163,"failureMessages":[],"meta":{}},{"ancestorTitles":["diagnostic tool tests","parameter validation"],"fullName":"diagnostic tool tests parameter validation should work without any parameters","status":"passed","title":"should work without any parameters","duration":0.38162499999998545,"failureMessages":[],"meta":{}},{"ancestorTitles":["diagnostic tool tests","success scenarios"],"fullName":"diagnostic tool tests success scenarios should generate deterministic diagnostic report with all dependencies available","status":"passed","title":"should generate deterministic diagnostic report with all dependencies available","duration":0.22812500000009095,"failureMessages":[],"meta":{}},{"ancestorTitles":["diagnostic tool tests","success scenarios"],"fullName":"diagnostic tool tests success scenarios should verify logger is properly mocked","status":"passed","title":"should verify logger is properly mocked","duration":0.51299999999992,"failureMessages":[],"meta":{}},{"ancestorTitles":["diagnostic tool tests","success scenarios"],"fullName":"diagnostic tool tests success scenarios should verify command execution is mocked","status":"passed","title":"should verify command execution is mocked","duration":0.20887500000003456,"failureMessages":[],"meta":{}},{"ancestorTitles":["diagnostic tool tests","error handling scenarios"],"fullName":"diagnostic tool tests error handling scenarios should handle Xcode command failures gracefully","status":"passed","title":"should handle Xcode command failures gracefully","duration":0.3354580000000169,"failureMessages":[],"meta":{}},{"ancestorTitles":["diagnostic tool tests","error handling scenarios"],"fullName":"diagnostic tool tests error handling scenarios should handle missing dependencies gracefully","status":"passed","title":"should handle missing dependencies gracefully","duration":0.27279200000020865,"failureMessages":[],"meta":{}},{"ancestorTitles":["diagnostic tool tests","error handling scenarios"],"fullName":"diagnostic tool tests error handling scenarios should handle parameter validation correctly","status":"passed","title":"should handle parameter validation correctly","duration":0.14562499999988177,"failureMessages":[],"meta":{}},{"ancestorTitles":["diagnostic tool tests","integration scenarios"],"fullName":"diagnostic tool tests integration scenarios should generate complete diagnostic with all systems working","status":"passed","title":"should generate complete diagnostic with all systems working","duration":0.61850000000004,"failureMessages":[],"meta":{}}],"startTime":1750800471729,"endTime":1750800471733.6184,"status":"passed","message":"","name":"/Volumes/Developer/XcodeBuildMCP-main/src/tools/diagnostic.test.ts"},{"assertionResults":[{"ancestorTitles":["discover_projects tests","discoverProjects parameter validation"],"fullName":"discover_projects tests discoverProjects parameter validation should reject missing workspaceRoot parameter","status":"passed","title":"should reject missing workspaceRoot parameter","duration":1.8826250000000755,"failureMessages":[],"meta":{}},{"ancestorTitles":["discover_projects tests","discoverProjects parameter validation"],"fullName":"discover_projects tests discoverProjects parameter validation should reject undefined workspaceRoot parameter","status":"passed","title":"should reject undefined workspaceRoot parameter","duration":0.16591700000003584,"failureMessages":[],"meta":{}},{"ancestorTitles":["discover_projects tests","discoverProjects parameter validation"],"fullName":"discover_projects tests discoverProjects parameter validation should reject null workspaceRoot parameter","status":"passed","title":"should reject null workspaceRoot parameter","duration":0.11616700000001856,"failureMessages":[],"meta":{}},{"ancestorTitles":["discover_projects tests","discoverProjects parameter validation"],"fullName":"discover_projects tests discoverProjects parameter validation should reject non-string workspaceRoot parameter","status":"passed","title":"should reject non-string workspaceRoot parameter","duration":0.11558400000001257,"failureMessages":[],"meta":{}},{"ancestorTitles":["discover_projects tests","discoverProjects parameter validation"],"fullName":"discover_projects tests discoverProjects parameter validation should accept valid minimal parameters","status":"passed","title":"should accept valid minimal parameters","duration":0.5154589999999644,"failureMessages":[],"meta":{}},{"ancestorTitles":["discover_projects tests","discoverProjects parameter validation"],"fullName":"discover_projects tests discoverProjects parameter validation should accept valid full parameters","status":"passed","title":"should accept valid full parameters","duration":0.1322499999999991,"failureMessages":[],"meta":{}},{"ancestorTitles":["discover_projects tests","discoverProjects parameter validation"],"fullName":"discover_projects tests discoverProjects parameter validation should validate maxDepth is non-negative","status":"passed","title":"should validate maxDepth is non-negative","duration":0.15554199999996854,"failureMessages":[],"meta":{}},{"ancestorTitles":["discover_projects tests","file system operations"],"fullName":"discover_projects tests file system operations should stat the scan path to verify it exists","status":"passed","title":"should stat the scan path to verify it exists","duration":0.5397500000000264,"failureMessages":[],"meta":{}},{"ancestorTitles":["discover_projects tests","file system operations"],"fullName":"discover_projects tests file system operations should handle non-existent scan path","status":"passed","title":"should handle non-existent scan path","duration":0.18016599999998562,"failureMessages":[],"meta":{}},{"ancestorTitles":["discover_projects tests","file system operations"],"fullName":"discover_projects tests file system operations should handle scan path that is not a directory","status":"passed","title":"should handle scan path that is not a directory","duration":0.10491700000000037,"failureMessages":[],"meta":{}},{"ancestorTitles":["discover_projects tests","file system operations"],"fullName":"discover_projects tests file system operations should read directory contents during scan","status":"passed","title":"should read directory contents during scan","duration":0.23479200000008404,"failureMessages":[],"meta":{}},{"ancestorTitles":["discover_projects tests","file system operations"],"fullName":"discover_projects tests file system operations should handle directory read errors gracefully","status":"passed","title":"should handle directory read errors gracefully","duration":0.09608400000001893,"failureMessages":[],"meta":{}},{"ancestorTitles":["discover_projects tests","project discovery"],"fullName":"discover_projects tests project discovery should find .xcodeproj files","status":"passed","title":"should find .xcodeproj files","duration":0.1552920000000313,"failureMessages":[],"meta":{}},{"ancestorTitles":["discover_projects tests","project discovery"],"fullName":"discover_projects tests project discovery should find .xcworkspace files","status":"passed","title":"should find .xcworkspace files","duration":0.13350000000002638,"failureMessages":[],"meta":{}},{"ancestorTitles":["discover_projects tests","project discovery"],"fullName":"discover_projects tests project discovery should find both projects and workspaces","status":"passed","title":"should find both projects and workspaces","duration":0.17866600000002109,"failureMessages":[],"meta":{}},{"ancestorTitles":["discover_projects tests","project discovery"],"fullName":"discover_projects tests project discovery should skip symbolic links","status":"passed","title":"should skip symbolic links","duration":0.14554199999997763,"failureMessages":[],"meta":{}},{"ancestorTitles":["discover_projects tests","project discovery"],"fullName":"discover_projects tests project discovery should skip standard directories","status":"passed","title":"should skip standard directories","duration":0.15479200000004312,"failureMessages":[],"meta":{}},{"ancestorTitles":["discover_projects tests","response formatting"],"fullName":"discover_projects tests response formatting should return success response with no projects found","status":"passed","title":"should return success response with no projects found","duration":0.14595799999995052,"failureMessages":[],"meta":{}},{"ancestorTitles":["discover_projects tests","response formatting"],"fullName":"discover_projects tests response formatting should include project and workspace arrays in response","status":"passed","title":"should include project and workspace arrays in response","duration":0.1209999999999809,"failureMessages":[],"meta":{}},{"ancestorTitles":["discover_projects tests","response formatting"],"fullName":"discover_projects tests response formatting should sort results consistently","status":"passed","title":"should sort results consistently","duration":0.14187500000002728,"failureMessages":[],"meta":{}},{"ancestorTitles":["discover_projects tests","path handling"],"fullName":"discover_projects tests path handling should default to workspace root when scanPath is not provided","status":"passed","title":"should default to workspace root when scanPath is not provided","duration":0.10995900000000347,"failureMessages":[],"meta":{}},{"ancestorTitles":["discover_projects tests","path handling"],"fullName":"discover_projects tests path handling should resolve relative scanPath against workspace root","status":"passed","title":"should resolve relative scanPath against workspace root","duration":0.10666700000001583,"failureMessages":[],"meta":{}},{"ancestorTitles":["discover_projects tests","path handling"],"fullName":"discover_projects tests path handling should handle absolute paths in workspace root properly","status":"passed","title":"should handle absolute paths in workspace root properly","duration":0.07529199999999037,"failureMessages":[],"meta":{}},{"ancestorTitles":["discover_projects tests","error scenarios"],"fullName":"discover_projects tests error scenarios should handle filesystem permission errors","status":"passed","title":"should handle filesystem permission errors","duration":0.0971670000000131,"failureMessages":[],"meta":{}}],"startTime":1750800471225,"endTime":1750800471231.1418,"status":"passed","message":"","name":"/Volumes/Developer/XcodeBuildMCP-main/src/tools/discover_projects.test.ts"},{"assertionResults":[{"ancestorTitles":["Launch Tools (Canonical)","launch_mac_app tool","parameter validation"],"fullName":"Launch Tools (Canonical) launch_mac_app tool parameter validation should reject missing appPath","status":"passed","title":"should reject missing appPath","duration":1.4909999999999854,"failureMessages":[],"meta":{}},{"ancestorTitles":["Launch Tools (Canonical)","launch_mac_app tool","parameter validation"],"fullName":"Launch Tools (Canonical) launch_mac_app tool parameter validation should accept valid appPath","status":"passed","title":"should accept valid appPath","duration":0.8387079999999969,"failureMessages":[],"meta":{}},{"ancestorTitles":["Launch Tools (Canonical)","launch_mac_app tool","parameter validation"],"fullName":"Launch Tools (Canonical) launch_mac_app tool parameter validation should accept optional args parameter","status":"passed","title":"should accept optional args parameter","duration":0.19162499999993088,"failureMessages":[],"meta":{}},{"ancestorTitles":["Launch Tools (Canonical)","launch_mac_app tool","response formatting"],"fullName":"Launch Tools (Canonical) launch_mac_app tool response formatting should return success response when launch succeeds","status":"passed","title":"should return success response when launch succeeds","duration":0.1300420000000031,"failureMessages":[],"meta":{}},{"ancestorTitles":["Launch Tools (Canonical)","launch_mac_app tool","response formatting"],"fullName":"Launch Tools (Canonical) launch_mac_app tool response formatting should return success response when launch with args succeeds","status":"passed","title":"should return success response when launch with args succeeds","duration":0.15525000000002365,"failureMessages":[],"meta":{}},{"ancestorTitles":["Launch Tools (Canonical)","launch_mac_app tool","response formatting"],"fullName":"Launch Tools (Canonical) launch_mac_app tool response formatting should return error response when launch fails","status":"passed","title":"should return error response when launch fails","duration":0.1388329999999769,"failureMessages":[],"meta":{}},{"ancestorTitles":["Launch Tools (Canonical)","launch_mac_app tool","command generation"],"fullName":"Launch Tools (Canonical) launch_mac_app tool command generation should generate correct command without args","status":"passed","title":"should generate correct command without args","duration":0.12454100000013568,"failureMessages":[],"meta":{}},{"ancestorTitles":["Launch Tools (Canonical)","launch_mac_app tool","command generation"],"fullName":"Launch Tools (Canonical) launch_mac_app tool command generation should generate correct command with args","status":"passed","title":"should generate correct command with args","duration":0.17337500000007822,"failureMessages":[],"meta":{}},{"ancestorTitles":["Launch Tools (Canonical)","launch_mac_app tool","command generation"],"fullName":"Launch Tools (Canonical) launch_mac_app tool command generation should handle paths with spaces correctly","status":"passed","title":"should handle paths with spaces correctly","duration":0.16233299999998962,"failureMessages":[],"meta":{}},{"ancestorTitles":["Launch Tools (Canonical)","stop_mac_app tool","parameter validation"],"fullName":"Launch Tools (Canonical) stop_mac_app tool parameter validation should reject when neither appName nor processId is provided","status":"passed","title":"should reject when neither appName nor processId is provided","duration":0.20241699999996854,"failureMessages":[],"meta":{}},{"ancestorTitles":["Launch Tools (Canonical)","stop_mac_app tool","parameter validation"],"fullName":"Launch Tools (Canonical) stop_mac_app tool parameter validation should accept appName only","status":"passed","title":"should accept appName only","duration":0.1011670000000322,"failureMessages":[],"meta":{}},{"ancestorTitles":["Launch Tools (Canonical)","stop_mac_app tool","parameter validation"],"fullName":"Launch Tools (Canonical) stop_mac_app tool parameter validation should accept processId only","status":"passed","title":"should accept processId only","duration":0.08479199999987941,"failureMessages":[],"meta":{}},{"ancestorTitles":["Launch Tools (Canonical)","stop_mac_app tool","parameter validation"],"fullName":"Launch Tools (Canonical) stop_mac_app tool parameter validation should accept both appName and processId (processId takes precedence)","status":"passed","title":"should accept both appName and processId (processId takes precedence)","duration":0.11225000000013097,"failureMessages":[],"meta":{}},{"ancestorTitles":["Launch Tools (Canonical)","stop_mac_app tool","response formatting"],"fullName":"Launch Tools (Canonical) stop_mac_app tool response formatting should return success response when stopping by app name succeeds","status":"passed","title":"should return success response when stopping by app name succeeds","duration":0.08395799999993869,"failureMessages":[],"meta":{}},{"ancestorTitles":["Launch Tools (Canonical)","stop_mac_app tool","response formatting"],"fullName":"Launch Tools (Canonical) stop_mac_app tool response formatting should return success response when 
[...]
d":{"line":79,"column":22}},"79":{"start":{"line":80,"column":0},"end":{"line":80,"column":11}},"80":{"start":{"line":81,"column":0},"end":{"line":81,"column":11}},"82":{"start":{"line":83,"column":0},"end":{"line":83,"column":33}},"83":{"start":{"line":84,"column":0},"end":{"line":84,"column":9}},"86":{"start":{"line":87,"column":0},"end":{"line":87,"column":52}},"87":{"start":{"line":88,"column":0},"end":{"line":88,"column":72}},"88":{"start":{"line":89,"column":0},"end":{"line":89,"column":24}},"90":{"start":{"line":91,"column":0},"end":{"line":91,"column":43}},"91":{"start":{"line":92,"column":0},"end":{"line":92,"column":36}},"92":{"start":{"line":93,"column":0},"end":{"line":93,"column":11}},"94":{"start":{"line":95,"column":0},"end":{"line":95,"column":37}},"95":{"start":{"line":96,"column":0},"end":{"line":96,"column":27}},"96":{"start":{"line":97,"column":0},"end":{"line":97,"column":71}},"97":{"start":{"line":98,"column":0},"end":{"line":98,"column":18}},"98":{"start":{"line":99,"column":0},"end":{"line":99,"column":22}},"99":{"start":{"line":100,"column":0},"end":{"line":100,"column":11}},"100":{"start":{"line":101,"column":0},"end":{"line":101,"column":11}},"102":{"start":{"line":103,"column":0},"end":{"line":103,"column":34}},"103":{"start":{"line":104,"column":0},"end":{"line":104,"column":9}},"106":{"start":{"line":107,"column":0},"end":{"line":107,"column":76}},"107":{"start":{"line":108,"column":0},"end":{"line":108,"column":38}},"108":{"start":{"line":109,"column":0},"end":{"line":109,"column":82}},"109":{"start":{"line":110,"column":0},"end":{"line":110,"column":7}},"111":{"start":{"line":112,"column":0},"end":{"line":112,"column":77}},"112":{"start":{"line":113,"column":0},"end":{"line":113,"column":26}},"113":{"start":{"line":114,"column":0},"end":{"line":114,"column":21}},"115":{"start":{"line":116,"column":0},"end":{"line":116,"column":83}},"116":{"start":{"line":117,"column":0},"end":{"line":117,"column":34}},"117":{"start":{"line":118,"column":0},"end":{"line":118,"column":18}},"118":{"start":{"line":119,"column":0},"end":{"line":119,"column":5}},"119":{"start":{"line":120,"column":0},"end":{"line":120,"column":3}},"124":{"start":{"line":125,"column":0},"end":{"line":125,"column":61}},"126":{"start":{"line":127,"column":0},"end":{"line":127,"column":44}},"127":{"start":{"line":128,"column":0},"end":{"line":128,"column":63}},"128":{"start":{"line":129,"column":0},"end":{"line":129,"column":5}},"129":{"start":{"line":130,"column":0},"end":{"line":130,"column":3}},"130":{"start":{"line":131,"column":0},"end":{"line":131,"column":1}}},"s":{"0":0,"1":0,"2":0,"3":0,"4":0,"5":0,"6":0,"7":0,"12":0,"13":0,"14":0,"15":0,"21":0,"23":0,"24":0,"26":0,"27":0,"28":0,"29":0,"30":0,"31":0,"32":0,"33":0,"34":0,"35":0,"38":0,"39":0,"44":0,"45":0,"46":0,"47":0,"48":0,"49":0,"50":0,"51":0,"52":0,"55":0,"56":0,"58":0,"59":0,"60":0,"62":0,"63":0,"66":0,"67":0,"68":0,"70":0,"71":0,"72":0,"74":0,"75":0,"76":0,"77":0,"78":0,"79":0,"80":0,"82":0,"83":0,"86":0,"87":0,"88":0,"90":0,"91":0,"92":0,"94":0,"95":0,"96":0,"97":0,"98":0,"99":0,"100":0,"102":0,"103":0,"106":0,"107":0,"108":0,"109":0,"111":0,"112":0,"113":0,"115":0,"116":0,"117":0,"118":0,"119":0,"124":0,"126":0,"127":0,"128":0,"129":0,"130":0},"branchMap":{"0":{"type":"branch","line":1,"loc":{"start":{"line":1,"column":4547},"end":{"line":131,"column":1}},"locations":[{"start":{"line":1,"column":4547},"end":{"line":131,"column":1}}]}},"b":{"0":[0]},"fnMap":{"0":{"name":"(empty-report)","decl":{"start":{"line":1,"column":4547},"end":{"line":131,"column":1}},"loc":{"start":{"line":1,"column":4547},"end":{"line":131,"column":1}},"line":1}},"f":{"0":0}},"/Volumes/Developer/XcodeBuildMCP-main/src/utils/log_capture.ts":{"path":"/Volumes/Developer/XcodeBuildMCP-main/src/utils/log_capture.ts","all":true,"statementMap":{"0":{"start":{"line":1,"column":0},"end":{"line":1,"column":25}},"1":{"start":{"line":2,"column":0},"end":{"line":2,"column":29}},"2":{"start":{"line":3,"column":0},"end":{"line":3,"column":25}},"3":{"start":{"line":4,"column":0},"end":{"line":4,"column":52}},"4":{"start":{"line":5,"column":0},"end":{"line":5,"column":36}},"5":{"start":{"line":6,"column":0},"end":{"line":6,"column":41}},"12":{"start":{"line":13,"column":0},"end":{"line":13,"column":29}},"13":{"start":{"line":14,"column":0},"end":{"line":14,"column":44}},"22":{"start":{"line":23,"column":0},"end":{"line":23,"column":68}},"28":{"start":{"line":29,"column":0},"end":{"line":29,"column":47}},"32":{"start":{"line":33,"column":0},"end":{"line":33,"column":100}},"34":{"start":{"line":35,"column":0},"end":{"line":35,"column":23}},"36":{"start":{"line":37,"column":0},"end":{"line":37,"column":69}},"37":{"start":{"line":38,"column":0},"end":{"line":38,"column":32}},"38":{"start":{"line":39,"column":0},"end":{"line":39,"column":62}},"39":{"start":{"line":40,"column":0},"end":{"line":40,"column":58}},"41":{"start":{"line":42,"column":0},"end":{"line":42,"column":7}},"42":{"start":{"line":43,"column":0},"end":{"line":43,"column":62}},"43":{"start":{"line":44,"column":0},"end":{"line":44,"column":49}},"44":{"start":{"line":45,"column":0},"end":{"line":45,"column":72}},"45":{"start":{"line":46,"column":0},"end":{"line":46,"column":41}},"46":{"start":{"line":47,"column":0},"end":{"line":47,"column":79}},"48":{"start":{"line":49,"column":0},"end":{"line":49,"column":25}},"49":{"start":{"line":50,"column":0},"end":{"line":50,"column":47}},"50":{"start":{"line":51,"column":0},"end":{"line":51,"column":17}},"51":{"start":{"line":52,"column":0},"end":{"line":52,"column":17}},"52":{"start":{"line":53,"column":0},"end":{"line":53,"column":24}},"53":{"start":{"line":54,"column":0},"end":{"line":54,"column":38}},"54":{"start":{"line":55,"column":0},"end":{"line":55,"column":22}},"55":{"start":{"line":56,"column":0},"end":{"line":56,"column":17}},"56":{"start":{"line":57,"column":0},"end":{"line":57,"column":9}},"57":{"start":{"line":58,"column":0},"end":{"line":58,"column":46}},"58":{"start":{"line":59,"column":0},"end":{"line":59,"column":46}},"59":{"start":{"line":60,"column":0},"end":{"line":60,"column":39}},"60":{"start":{"line":61,"column":0},"end":{"line":61,"column":5}},"62":{"start":{"line":63,"column":0},"end":{"line":63,"column":41}},"63":{"start":{"line":64,"column":0},"end":{"line":64,"column":15}},"64":{"start":{"line":65,"column":0},"end":{"line":65,"column":14}},"65":{"start":{"line":66,"column":0},"end":{"line":66,"column":20}},"66":{"start":{"line":67,"column":0},"end":{"line":67,"column":12}},"67":{"start":{"line":68,"column":0},"end":{"line":68,"column":15}},"68":{"start":{"line":69,"column":0},"end":{"line":69,"column":22}},"69":{"start":{"line":70,"column":0},"end":{"line":70,"column":20}},"70":{"start":{"line":71,"column":0},"end":{"line":71,"column":35}},"71":{"start":{"line":72,"column":0},"end":{"line":72,"column":7}},"72":{"start":{"line":73,"column":0},"end":{"line":73,"column":40}},"73":{"start":{"line":74,"column":0},"end":{"line":74,"column":40}},"74":{"start":{"line":75,"column":0},"end":{"line":75,"column":33}},"76":{"start":{"line":77,"column":0},"end":{"line":77,"column":38}},"77":{"start":{"line":78,"column":0},"end":{"line":78,"column":37}},"78":{"start":{"line":79,"column":0},"end":{"line":79,"column":99}},"79":{"start":{"line":80,"column":0},"end":{"line":80,"column":9}},"80":{"start":{"line":81,"column":0},"end":{"line":81,"column":5}},"82":{"start":{"line":83,"column":0},"end":{"line":83,"column":41}},"83":{"start":{"line":84,"column":0},"end":{"line":84,"column":16}},"84":{"start":{"line":85,"column":0},"end":{"line":85,"column":18}},"85":{"start":{"line":86,"column":0},"end":{"line":86,"column":20}},"86":{"start":{"line":87,"column":0},"end":{"line":87,"column":15}},"87":{"start":{"line":88,"column":0},"end":{"line":88,"column":7}},"89":{"start":{"line":90,"column":0},"end":{"line":90,"column":72}},"90":{"start":{"line":91,"column":0},"end":{"line":91,"column":63}},"91":{"start":{"line":92,"column":0},"end":{"line":92,"column":19}},"92":{"start":{"line":93,"column":0},"end":{"line":93,"column":75}},"93":{"start":{"line":94,"column":0},"end":{"line":94,"column":60}},"94":{"start":{"line":95,"column":0},"end":{"line":95,"column":77}},"95":{"start":{"line":96,"column":0},"end":{"line":96,"column":3}},"96":{"start":{"line":97,"column":0},"end":{"line":97,"column":1}},"101":{"start":{"line":102,"column":0},"end":{"line":102,"column":37}},"102":{"start":{"line":103,"column":0},"end":{"line":103,"column":23}},"103":{"start":{"line":104,"column":0},"end":{"line":104,"column":52}},"104":{"start":{"line":105,"column":0},"end":{"line":105,"column":54}},"105":{"start":{"line":106,"column":0},"end":{"line":106,"column":17}},"106":{"start":{"line":107,"column":0},"end":{"line":107,"column":61}},"107":{"start":{"line":108,"column":0},"end":{"line":108,"column":87}},"108":{"start":{"line":109,"column":0},"end":{"line":109,"column":3}},"110":{"start":{"line":111,"column":0},"end":{"line":111,"column":7}},"111":{"start":{"line":112,"column":0},"end":{"line":112,"column":75}},"112":{"start":{"line":113,"column":0},"end":{"line":113,"column":44}},"113":{"start":{"line":114,"column":0},"end":{"line":114,"column":46}},"114":{"start":{"line":115,"column":0},"end":{"line":115,"column":57}},"115":{"start":{"line":116,"column":0},"end":{"line":116,"column":32}},"116":{"start":{"line":117,"column":0},"end":{"line":117,"column":7}},"117":{"start":{"line":118,"column":0},"end":{"line":118,"column":5}},"118":{"start":{"line":119,"column":0},"end":{"line":119,"column":43}},"119":{"start":{"line":120,"column":0},"end":{"line":120,"column":8}},"120":{"start":{"line":121,"column":0},"end":{"line":121,"column":13}},"121":{"start":{"line":122,"column":0},"end":{"line":122,"column":90}},"122":{"start":{"line":123,"column":0},"end":{"line":123,"column":6}},"123":{"start":{"line":124,"column":0},"end":{"line":124,"column":61}},"124":{"start":{"line":125,"column":0},"end":{"line":125,"column":73}},"125":{"start":{"line":126,"column":0},"end":{"line":126,"column":69}},"126":{"start":{"line":127,"column":0},"end":{"line":127,"column":39}},"127":{"start":{"line":128,"column":0},"end":{"line":128,"column":19}},"128":{"start":{"line":129,"column":0},"end":{"line":129,"column":75}},"129":{"start":{"line":130,"column":0},"end":{"line":130,"column":83}},"130":{"start":{"line":131,"column":0},"end":{"line":131,"column":46}},"131":{"start":{"line":132,"column":0},"end":{"line":132,"column":3}},"132":{"start":{"line":133,"column":0},"end":{"line":133,"column":1}},"138":{"start":{"line":139,"column":0},"end":{"line":139,"column":46}},"139":{"start":{"line":140,"column":0},"end":{"line":140,"column":30}},"140":{"start":{"line":141,"column":0},"end":{"line":141,"column":22}},"141":{"start":{"line":142,"column":0},"end":{"line":142,"column":7}},"142":{"start":{"line":143,"column":0},"end":{"line":143,"column":47}},"143":{"start":{"line":144,"column":0},"end":{"line":144,"column":17}},"144":{"start":{"line":145,"column":0},"end":{"line":145,"column":8}},"145":{"start":{"line":146,"column":0},"end":{"line":146,"column":13}},"146":{"start":{"line":147,"column":0},"end":{"line":147,"column":101}},"147":{"start":{"line":148,"column":0},"end":{"line":148,"column":6}},"148":{"start":{"line":149,"column":0},"end":{"line":149,"column":11}},"149":{"start":{"line":150,"column":0},"end":{"line":150,"column":3}},"150":{"start":{"line":151,"column":0},"end":{"line":151,"column":25}},"151":{"start":{"line":152,"column":0},"end":{"line":152,"column":63}},"152":{"start":{"line":153,"column":0},"end":{"line":153,"column":20}},"153":{"start":{"line":154,"column":0},"end":{"line":154,"column":9}},"154":{"start":{"line":155,"column":0},"end":{"line":155,"column":73}},"155":{"start":{"line":156,"column":0},"end":{"line":156,"column":25}},"156":{"start":{"line":157,"column":0},"end":{"line":157,"column":47}},"157":{"start":{"line":158,"column":0},"end":{"line":158,"column":13}},"158":{"start":{"line":159,"column":0},"end":{"line":159,"column":56}},"159":{"start":{"line":160,"column":0},"end":{"line":160,"column":49}},"160":{"start":{"line":161,"column":0},"end":{"line":161,"column":47}},"161":{"start":{"line":162,"column":0},"end":{"line":162,"column":61}},"162":{"start":{"line":163,"column":0},"end":{"line":163,"column":11}},"163":{"start":{"line":164,"column":0},"end":{"line":164,"column":23}},"164":{"start":{"line":165,"column":0},"end":{"line":165,"column":14}},"165":{"start":{"line":166,"column":0},"end":{"line":166,"column":19}},"166":{"start":{"line":167,"column":0},"end":{"line":167,"column":108}},"167":{"start":{"line":168,"column":0},"end":{"line":168,"column":12}},"168":{"start":{"line":169,"column":0},"end":{"line":169,"column":9}},"169":{"start":{"line":170,"column":0},"end":{"line":170,"column":9}},"170":{"start":{"line":171,"column":0},"end":{"line":171,"column":4}},"171":{"start":{"line":172,"column":0},"end":{"line":172,"column":1}}},"s":{"0":0,"1":0,"2":0,"3":0,"4":0,"5":0,"12":0,"13":0,"22":0,"28":0,"32":0,"34":0,"36":0,"37":0,"38":0,"39":0,"41":0,"42":0,"43":0,"44":0,"45":0,"46":0,"48":0,"49":0,"50":0,"51":0,"52":0,"53":0,"54":0,"55":0,"56":0,"57":0,"58":0,"59":0,"60":0,"62":0,"63":0,"64":0,"65":0,"66":0,"67":0,"68":0,"69":0,"70":0,"71":0,"72":0,"73":0,"74":0,"76":0,"77":0,"78":0,"79":0,"80":0,"82":0,"83":0,"84":0,"85":0,"86":0,"87":0,"89":0,"90":0,"91":0,"92":0,"93":0,"94":0,"95":0,"96":0,"101":0,"102":0,"103":0,"104":0,"105":0,"106":0,"107":0,"108":0,"110":0,"111":0,"112":0,"113":0,"114":0,"115":0,"116":0,"117":0,"118":0,"119":0,"120":0,"121":0,"122":0,"123":0,"124":0,"125":0,"126":0,"127":0,"128":0,"129":0,"130":0,"131":0,"132":0,"138":0,"139":0,"140":0,"141":0,"142":0,"143":0,"144":0,"145":0,"146":0,"147":0,"148":0,"149":0,"150":0,"151":0,"152":0,"153":0,"154":0,"155":0,"156":0,"157":0,"158":0,"159":0,"160":0,"161":0,"162":0,"163":0,"164":0,"165":0,"166":0,"167":0,"168":0,"169":0,"170":0,"171":0},"branchMap":{"0":{"type":"branch","line":1,"loc":{"start":{"line":1,"column":5547},"end":{"line":172,"column":1}},"locations":[{"start":{"line":1,"column":5547},"end":{"line":172,"column":1}}]}},"b":{"0":[0]},"fnMap":{"0":{"name":"(empty-report)","decl":{"start":{"line":1,"column":5547},"end":{"line":172,"column":1}},"loc":{"start":{"line":1,"column":5547},"end":{"line":172,"column":1}},"line":1}},"f":{"0":0}},"/Volumes/Developer/XcodeBuildMCP-main/src/utils/sentry.ts":{"path":"/Volumes/Developer/XcodeBuildMCP-main/src/utils/sentry.ts","all":true,"statementMap":{"7":{"start":{"line":8,"column":0},"end":{"line":8,"column":39}},"8":{"start":{"line":9,"column":0},"end":{"line":9,"column":40}},"9":{"start":{"line":10,"column":0},"end":{"line":10,"column":8}},"15":{"start":{"line":16,"column":0},"end":{"line":16,"column":13}},"16":{"start":{"line":17,"column":0},"end":{"line":17,"column":105}},"20":{"start":{"line":21,"column":0},"end":{"line":21,"column":23}},"23":{"start":{"line":24,"column":0},"end":{"line":24,"column":38}},"26":{"start":{"line":27,"column":0},"end":{"line":27,"column":53}},"30":{"start":{"line":31,"column":0},"end":{"line":31,"column":24}},"31":{"start":{"line":32,"column":0},"end":{"line":32,"column":3}},"34":{"start":{"line":35,"column":0},"end":{"line":35,"column":38}},"35":{"start":{"line":36,"column":0},"end":{"line":36,"column":31}},"36":{"start":{"line":37,"column":0},"end":{"line":37,"column":29}},"37":{"start":{"line":38,"column":0},"end":{"line":38,"column":21}},"38":{"start":{"line":39,"column":0},"end":{"line":39,"column":2}},"41":{"start":{"line":42,"column":0},"end":{"line":42,"column":33}},"42":{"start":{"line":43,"column":0},"end":{"line":43,"column":29}},"43":{"start":{"line":44,"column":0},"end":{"line":44,"column":40}},"44":{"start":{"line":45,"column":0},"end":{"line":45,"column":45}},"45":{"start":{"line":46,"column":0},"end":{"line":46,"column":8}},"46":{"start":{"line":47,"column":0},"end":{"line":47,"column":32}},"47":{"start":{"line":48,"column":0},"end":{"line":48,"column":32}},"48":{"start":{"line":49,"column":0},"end":{"line":49,"column":1}},"50":{"start":{"line":51,"column":0},"end":{"line":51,"column":42}},"51":{"start":{"line":52,"column":0},"end":{"line":52,"column":70}},"52":{"start":{"line":53,"column":0},"end":{"line":53,"column":75}},"54":{"start":{"line":55,"column":0},"end":{"line":55,"column":54}},"55":{"start":{"line":56,"column":0},"end":{"line":56,"column":64}},"56":{"start":{"line":57,"column":0},"end":{"line":57,"column":54}},"58":{"start":{"line":59,"column":0},"end":{"line":59,"column":52}},"59":{"start":{"line":60,"column":0},"end":{"line":60,"column":62}},"60":{"start":{"line":61,"column":0},"end":{"line":61,"column":52}},"62":{"start":{"line":63,"column":0},"end":{"line":63,"column":21}}},"s":{"7":0,"8":0,"9":0,"15":0,"16":0,"20":0,"23":0,"26":0,"30":0,"31":0,"34":0,"35":0,"36":0,"37":0,"38":0,"41":0,"42":0,"43":0,"44":0,"45":0,"46":0,"47":0,"48":0,"50":0,"51":0,"52":0,"54":0,"55":0,"56":0,"58":0,"59":0,"60":0,"62":0},"branchMap":{"0":{"type":"branch","line":1,"loc":{"start":{"line":1,"column":2055},"end":{"line":63,"column":21}},"locations":[{"start":{"line":1,"column":2055},"end":{"line":63,"column":21}}]}},"b":{"0":[1]},"fnMap":{"0":{"name":"(empty-report)","decl":{"start":{"line":1,"column":2055},"end":{"line":63,"column":21}},"loc":{"start":{"line":1,"column":2055},"end":{"line":63,"column":21}},"line":1}},"f":{"0":1}},"/Volumes/Developer/XcodeBuildMCP-main/src/server/server.ts":{"path":"/Volumes/Developer/XcodeBuildMCP-main/src/server/server.ts","all":true,"statementMap":{"14":{"start":{"line":15,"column":0},"end":{"line":15,"column":68}},"15":{"start":{"line":16,"column":0},"end":{"line":16,"column":81}},"16":{"start":{"line":17,"column":0},"end":{"line":17,"column":41}},"17":{"start":{"line":18,"column":0},"end":{"line":18,"column":40}},"23":{"start":{"line":24,"column":0},"end":{"line":24,"column":43}},"25":{"start":{"line":26,"column":0},"end":{"line":26,"column":31}},"26":{"start":{"line":27,"column":0},"end":{"line":27,"column":5}},"27":{"start":{"line":28,"column":0},"end":{"line":28,"column":28}},"28":{"start":{"line":29,"column":0},"end":{"line":29,"column":14}},"29":{"start":{"line":30,"column":0},"end":{"line":30,"column":6}},"30":{"start":{"line":31,"column":0},"end":{"line":31,"column":5}},"31":{"start":{"line":32,"column":0},"end":{"line":32,"column":21}},"32":{"start":{"line":33,"column":0},"end":{"line":33,"column":16}},"33":{"start":{"line":34,"column":0},"end":{"line":34,"column":28}},"34":{"start":{"line":35,"column":0},"end":{"line":35,"column":10}},"35":{"start":{"line":36,"column":0},"end":{"line":36,"column":20}},"36":{"start":{"line":37,"column":0},"end":{"line":37,"column":8}},"37":{"start":{"line":38,"column":0},"end":{"line":38,"column":6}},"38":{"start":{"line":39,"column":0},"end":{"line":39,"column":4}},"41":{"start":{"line":42,"column":0},"end":{"line":42,"column":57}},"43":{"start":{"line":44,"column":0},"end":{"line":44,"column":16}},"44":{"start":{"line":45,"column":0},"end":{"line":45,"column":1}},"50":{"start":{"line":51,"column":0},"end":{"line":51,"column":69}},"51":{"start":{"line":52,"column":0},"end":{"line":52,"column":47}},"52":{"start":{"line":53,"column":0},"end":{"line":53,"column":34}},"53":{"start":{"line":54,"column":0},"end":{"line":54,"column":55}},"54":{"start":{"line":55,"column":0},"end":{"line":55,"column":1}}},"s":{"14":0,"15":0,"16":0,"17":0,"23":0,"25":0,"26":0,"27":0,"28":0,"29":0,"30":0,"31":0,"32":0,"33":0,"34":0,"35":0,"36":0,"37":0,"38":0,"41":0,"43":0,"44":0,"50":0,"51":0,"52":0,"53":0,"54":0},"branchMap":{"0":{"type":"branch","line":1,"loc":{"start":{"line":1,"column":1539},"end":{"line":55,"column":1}},"locations":[{"start":{"line":1,"column":1539},"end":{"line":55,"column":1}}]}},"b":{"0":[1]},"fnMap":{"0":{"name":"(empty-report)","decl":{"start":{"line":1,"column":1539},"end":{"line":55,"column":1}},"loc":{"start":{"line":1,"column":1539},"end":{"line":55,"column":1}},"line":1}},"f":{"0":1}}}}